Task "Create Project" unsuccessful. See log for details.
Generated logfile: 
TBBmalloc: skip allocation functions replacement in ucrtbase.dll: unknown prologue for function _msize
Info: *******************************************************************
Info: Running Quartus Prime Shell
    Info: Version 23.1std.1 Build 993 05/14/2024 SC Standard Edition
    Info: Copyright (C) 2024  Intel Corporation. All rights reserved.
    Info: Your use of Intel Corporation's design tools, logic functions 
    Info: and other software and tools, and any partner logic 
    Info: functions, and any output files from any of the foregoing 
    Info: (including device programming or simulation files), and any 
    Info: associated documentation or information are expressly subject 
    Info: to the terms and conditions of the Intel Program License 
    Info: Subscription Agreement, the Intel Quartus Prime License Agreement,
    Info: the Intel FPGA IP License Agreement, or other applicable license
    Info: agreement, including, without limitation, that your use is for
    Info: the sole purpose of programming logic devices manufactured by
    Info: Intel and sold by Intel or its authorized distributors.  Please
    Info: refer to the applicable agreement for further details, at
    Info: https://fpgasoftware.intel.com/eula.
    Info: Processing started: Sun Sep 14 18:53:50 2025
Info: Command: quartus_sh -t quartus_create_prj.tcl
Info: *******************************************************************
Info: Running Quartus Prime Fitter
    Info: Version 23.1std.1 Build 993 05/14/2024 SC Standard Edition
    Info: Processing started: Sun Sep 14 18:53:51 2025
Info: Command: quartus_fit --read_settings_files=on --write_settings_files=off system -c system --plan
Info: qfit2_default_script.tcl version: #1
Info: Project  = system
Info: Revision = system
Error (20004): Your design targets the device family "Cyclone V". The specified family is not a valid device family, is not installed, or is not supported in this version of the Quartus Prime software. If you restored a project from an archived version, your project was successfully restored, but you still must specify or install a supported device family.
Error (11720): Run Analysis and Synthesis (quartus_map) with top-level entity name "system" before running Fitter (quartus_fit)
Error: Quartus Prime Fitter was unsuccessful. 2 errors, 0 warnings
    Error: Peak virtual memory: 4775 megabytes
    Error: Processing ended: Sun Sep 14 18:53:52 2025
    Error: Elapsed time: 00:00:01
    Error: Total CPU time (on all processors): 00:00:01

Result: ERROR: Error(s) found while running an executable. See report file(s) for error message(s). Message log indicates which executable was run last.


ERROR: Quartus license check failed. See report files.


Elapsed time is 2.5616 seconds.
